<?xml version="1.0" encoding="UTF-8"?>
<testsuite xmlns:xsi="http://www.w3.org/2001/XMLSchema-instance" xsi:noNamespaceSchemaLocation="https://maven.apache.org/surefire/maven-surefire-plugin/xsd/surefire-test-report-3.0.xsd" version="3.0" name="TestSuite" time="38.255" tests="1" errors="0" skipped="0" failures="1">
  <properties>
    <property name="sun.desktop" value="windows"/>
    <property name="awt.toolkit" value="sun.awt.windows.WToolkit"/>
    <property name="java.specification.version" value="11"/>
    <property name="webdriver.chrome.driver" value="C:\Users\hanna_murashka\.m2\repository\webdriver\chromedriver\win32\90.0.4430.24\chromedriver.exe"/>
    <property name="sun.cpu.isalist" value="amd64"/>
    <property name="sun.jnu.encoding" value="Cp1251"/>
    <property name="java.class.path" value="C:\Users\hanna_murashka\Desktop\ATMentoring\AT_Mentoring_Program_modules\Module#9 TA Frameworks Layers, Runner, Business Objects\HardcoreProject\target\test-classes;C:\Users\hanna_murashka\Desktop\ATMentoring\AT_Mentoring_Program_modules\Module#9 TA Frameworks Layers, Runner, Business Objects\HardcoreProject\target\classes;C:\Users\hanna_murashka\.m2\repository\org\seleniumhq\selenium\selenium-java\4.0.0-beta-4\selenium-java-4.0.0-beta-4.jar;C:\Users\hanna_murashka\.m2\repository\org\seleniumhq\selenium\selenium-api\4.0.0-beta-4\selenium-api-4.0.0-beta-4.jar;C:\Users\hanna_murashka\.m2\repository\org\seleniumhq\selenium\selenium-chrome-driver\4.0.0-beta-4\selenium-chrome-driver-4.0.0-beta-4.jar;C:\Users\hanna_murashka\.m2\repository\com\google\auto\service\auto-service-annotations\1.0\auto-service-annotations-1.0.jar;C:\Users\hanna_murashka\.m2\repository\com\google\auto\service\auto-service\1.0\auto-service-1.0.jar;C:\Users\hanna_murashka\.m2\repository\com\google\auto\auto-common\1.0\auto-common-1.0.jar;C:\Users\hanna_murashka\.m2\repository\com\google\guava\guava\30.1.1-jre\guava-30.1.1-jre.jar;C:\Users\hanna_murashka\.m2\repository\com\google\guava\failureaccess\1.0.1\failureaccess-1.0.1.jar;C:\Users\hanna_murashka\.m2\repository\com\google\guava\listenablefuture\9999.0-empty-to-avoid-conflict-with-guava\listenablefuture-9999.0-empty-to-avoid-conflict-with-guava.jar;C:\Users\hanna_murashka\.m2\repository\com\google\code\findbugs\jsr305\3.0.2\jsr305-3.0.2.jar;C:\Users\hanna_murashka\.m2\repository\org\checkerframework\checker-qual\3.8.0\checker-qual-3.8.0.jar;C:\Users\hanna_murashka\.m2\repository\com\google\errorprone\error_prone_annotations\2.5.1\error_prone_annotations-2.5.1.jar;C:\Users\hanna_murashka\.m2\repository\com\google\j2objc\j2objc-annotations\1.3\j2objc-annotations-1.3.jar;C:\Users\hanna_murashka\.m2\repository\org\seleniumhq\selenium\selenium-chromium-driver\4.0.0-beta-4\selenium-chromium-driver-4.0.0-beta-4.jar;C:\Users\hanna_murashka\.m2\repository\org\seleniumhq\selenium\selenium-devtools\4.0.0-beta-4\selenium-devtools-4.0.0-beta-4.jar;C:\Users\hanna_murashka\.m2\repository\org\seleniumhq\selenium\selenium-http\4.0.0-beta-4\selenium-http-4.0.0-beta-4.jar;C:\Users\hanna_murashka\.m2\repository\org\seleniumhq\selenium\selenium-json\4.0.0-beta-4\selenium-json-4.0.0-beta-4.jar;C:\Users\hanna_murashka\.m2\repository\org\seleniumhq\selenium\selenium-devtools-v85\4.0.0-beta-4\selenium-devtools-v85-4.0.0-beta-4.jar;C:\Users\hanna_murashka\.m2\repository\org\seleniumhq\selenium\selenium-devtools-v88\4.0.0-beta-4\selenium-devtools-v88-4.0.0-beta-4.jar;C:\Users\hanna_murashka\.m2\repository\org\seleniumhq\selenium\selenium-devtools-v89\4.0.0-beta-4\selenium-devtools-v89-4.0.0-beta-4.jar;C:\Users\hanna_murashka\.m2\repository\org\seleniumhq\selenium\selenium-devtools-v90\4.0.0-beta-4\selenium-devtools-v90-4.0.0-beta-4.jar;C:\Users\hanna_murashka\.m2\repository\org\seleniumhq\selenium\selenium-devtools-v91\4.0.0-beta-4\selenium-devtools-v91-4.0.0-beta-4.jar;C:\Users\hanna_murashka\.m2\repository\org\seleniumhq\selenium\selenium-edge-driver\4.0.0-beta-4\selenium-edge-driver-4.0.0-beta-4.jar;C:\Users\hanna_murashka\.m2\repository\org\seleniumhq\selenium\selenium-firefox-driver\4.0.0-beta-4\selenium-firefox-driver-4.0.0-beta-4.jar;C:\Users\hanna_murashka\.m2\repository\org\seleniumhq\selenium\selenium-firefox-xpi-driver\4.0.0-beta-4\selenium-firefox-xpi-driver-4.0.0-beta-4.jar;C:\Users\hanna_murashka\.m2\repository\org\seleniumhq\selenium\selenium-ie-driver\4.0.0-beta-4\selenium-ie-driver-4.0.0-beta-4.jar;C:\Users\hanna_murashka\.m2\repository\org\seleniumhq\selenium\selenium-opera-driver\4.0.0-beta-4\selenium-opera-driver-4.0.0-beta-4.jar;C:\Users\hanna_murashka\.m2\repository\org\seleniumhq\selenium\selenium-remote-driver\4.0.0-beta-4\selenium-remote-driver-4.0.0-beta-4.jar;C:\Users\hanna_murashka\.m2\repository\io\netty\netty-buffer\4.1.63.Final\netty-buffer-4.1.63.Final.jar;C:\Users\hanna_murashka\.m2\repository\io\netty\netty-codec-http\4.1.63.Final\netty-codec-http-4.1.63.Final.jar;C:\Users\hanna_murashka\.m2\repository\io\netty\netty-codec\4.1.63.Final\netty-codec-4.1.63.Final.jar;C:\Users\hanna_murashka\.m2\repository\io\netty\netty-handler\4.1.63.Final\netty-handler-4.1.63.Final.jar;C:\Users\hanna_murashka\.m2\repository\io\netty\netty-common\4.1.63.Final\netty-common-4.1.63.Final.jar;C:\Users\hanna_murashka\.m2\repository\io\netty\netty-transport-native-epoll\4.1.63.Final\netty-transport-native-epoll-4.1.63.Final.jar;C:\Users\hanna_murashka\.m2\repository\io\netty\netty-transport-native-kqueue\4.1.63.Final\netty-transport-native-kqueue-4.1.63.Final.jar;C:\Users\hanna_murashka\.m2\repository\io\netty\netty-transport-native-unix-common\4.1.63.Final\netty-transport-native-unix-common-4.1.63.Final.jar;C:\Users\hanna_murashka\.m2\repository\io\netty\netty-transport\4.1.63.Final\netty-transport-4.1.63.Final.jar;C:\Users\hanna_murashka\.m2\repository\io\netty\netty-resolver\4.1.63.Final\netty-resolver-4.1.63.Final.jar;C:\Users\hanna_murashka\.m2\repository\io\opentelemetry\opentelemetry-api\1.2.0\opentelemetry-api-1.2.0.jar;C:\Users\hanna_murashka\.m2\repository\io\opentelemetry\opentelemetry-context\1.2.0\opentelemetry-context-1.2.0.jar;C:\Users\hanna_murashka\.m2\repository\io\opentelemetry\opentelemetry-exporter-logging\1.2.0\opentelemetry-exporter-logging-1.2.0.jar;C:\Users\hanna_murashka\.m2\repository\io\opentelemetry\opentelemetry-sdk-metrics\1.2.0-alpha\opentelemetry-sdk-metrics-1.2.0-alpha.jar;C:\Users\hanna_murashka\.m2\repository\io\opentelemetry\opentelemetry-sdk-common\1.2.0\opentelemetry-sdk-common-1.2.0.jar;C:\Users\hanna_murashka\.m2\repository\io\opentelemetry\opentelemetry-sdk-extension-autoconfigure\1.2.0-alpha\opentelemetry-sdk-extension-autoconfigure-1.2.0-alpha.jar;C:\Users\hanna_murashka\.m2\repository\io\opentelemetry\opentelemetry-sdk-trace\1.2.0\opentelemetry-sdk-trace-1.2.0.jar;C:\Users\hanna_murashka\.m2\repository\io\opentelemetry\opentelemetry-api-metrics\1.2.0-alpha\opentelemetry-api-metrics-1.2.0-alpha.jar;C:\Users\hanna_murashka\.m2\repository\io\opentelemetry\opentelemetry-sdk\1.2.0\opentelemetry-sdk-1.2.0.jar;C:\Users\hanna_murashka\.m2\repository\io\opentelemetry\opentelemetry-semconv\1.2.0-alpha\opentelemetry-semconv-1.2.0-alpha.jar;C:\Users\hanna_murashka\.m2\repository\io\ous\jtoml\2.0.0\jtoml-2.0.0.jar;C:\Users\hanna_murashka\.m2\repository\net\bytebuddy\byte-buddy\1.11.0\byte-buddy-1.11.0.jar;C:\Users\hanna_murashka\.m2\repository\org\apache\commons\commons-exec\1.3\commons-exec-1.3.jar;C:\Users\hanna_murashka\.m2\repository\org\asynchttpclient\async-http-client\2.12.3\async-http-client-2.12.3.jar;C:\Users\hanna_murashka\.m2\repository\org\asynchttpclient\async-http-client-netty-utils\2.12.3\async-http-client-netty-utils-2.12.3.jar;C:\Users\hanna_murashka\.m2\repository\io\netty\netty-codec-socks\4.1.60.Final\netty-codec-socks-4.1.60.Final.jar;C:\Users\hanna_murashka\.m2\repository\io\netty\netty-handler-proxy\4.1.60.Final\netty-handler-proxy-4.1.60.Final.jar;C:\Users\hanna_murashka\.m2\repository\io\netty\netty-transport-native-epoll\4.1.60.Final\netty-transport-native-epoll-4.1.60.Final-linux-x86_64.jar;C:\Users\hanna_murashka\.m2\repository\io\netty\netty-transport-native-kqueue\4.1.60.Final\netty-transport-native-kqueue-4.1.60.Final-osx-x86_64.jar;C:\Users\hanna_murashka\.m2\repository\org\reactivestreams\reactive-streams\1.0.3\reactive-streams-1.0.3.jar;C:\Users\hanna_murashka\.m2\repository\com\typesafe\netty\netty-reactive-streams\2.0.4\netty-reactive-streams-2.0.4.jar;C:\Users\hanna_murashka\.m2\repository\com\sun\activation\jakarta.activation\1.2.2\jakarta.activation-1.2.2.jar;C:\Users\hanna_murashka\.m2\repository\org\seleniumhq\selenium\selenium-safari-driver\4.0.0-beta-4\selenium-safari-driver-4.0.0-beta-4.jar;C:\Users\hanna_murashka\.m2\repository\org\seleniumhq\selenium\selenium-support\4.0.0-beta-4\selenium-support-4.0.0-beta-4.jar;C:\Users\hanna_murashka\.m2\repository\io\github\bonigarcia\webdrivermanager\3.3.0\webdrivermanager-3.3.0.jar;C:\Users\hanna_murashka\.m2\repository\org\slf4j\slf4j-api\1.7.25\slf4j-api-1.7.25.jar;C:\Users\hanna_murashka\.m2\repository\commons-io\commons-io\2.6\commons-io-2.6.jar;C:\Users\hanna_murashka\.m2\repository\com\google\code\gson\gson\2.8.5\gson-2.8.5.jar;C:\Users\hanna_murashka\.m2\repository\org\apache\httpcomponents\httpclient\4.5.6\httpclient-4.5.6.jar;C:\Users\hanna_murashka\.m2\repository\org\apache\httpcomponents\httpcore\4.4.10\httpcore-4.4.10.jar;C:\Users\hanna_murashka\.m2\repository\commons-logging\commons-logging\1.2\commons-logging-1.2.jar;C:\Users\hanna_murashka\.m2\repository\commons-codec\commons-codec\1.10\commons-codec-1.10.jar;C:\Users\hanna_murashka\.m2\repository\org\rauschig\jarchivelib\1.0.0\jarchivelib-1.0.0.jar;C:\Users\hanna_murashka\.m2\repository\org\apache\commons\commons-compress\1.18\commons-compress-1.18.jar;C:\Users\hanna_murashka\.m2\repository\org\jsoup\jsoup\1.11.3\jsoup-1.11.3.jar;C:\Users\hanna_murashka\.m2\repository\org\testng\testng\7.4.0\testng-7.4.0.jar;C:\Users\hanna_murashka\.m2\repository\com\beust\jcommander\1.78\jcommander-1.78.jar;C:\Users\hanna_murashka\.m2\repository\org\webjars\jquery\3.5.1\jquery-3.5.1.jar;C:\Users\hanna_murashka\.m2\repository\org\apache\commons\commons-lang3\3.12.0\commons-lang3-3.12.0.jar;C:\Users\hanna_murashka\.m2\repository\org\apache\logging\log4j\log4j-api\2.11.1\log4j-api-2.11.1.jar;C:\Users\hanna_murashka\.m2\repository\org\apache\logging\log4j\log4j-core\2.11.1\log4j-core-2.11.1.jar;"/>
    <property name="java.vm.vendor" value="Oracle Corporation"/>
    <property name="sun.arch.data.model" value="64"/>
    <property name="user.variant" value=""/>
    <property name="java.vendor.url" value="https://openjdk.java.net/"/>
    <property name="user.timezone" value="Europe/Minsk"/>
    <property name="java.vm.specification.version" value="11"/>
    <property name="os.name" value="Windows 10"/>
    <property name="sun.java.launcher" value="SUN_STANDARD"/>
    <property name="user.country" value="US"/>
    <property name="sun.boot.library.path" value="C:\Program Files\Java\jdk-11.0.8\bin"/>
    <property name="sun.java.command" value="C:\Users\hanna_murashka\AppData\Local\Temp\surefire16147740348137787452\surefirebooter16814000410561648906.jar C:\Users\hanna_murashka\AppData\Local\Temp\surefire16147740348137787452 2021-08-06T09-30-28_496-jvmRun1 surefire728792443333770317tmp surefire_02463521918314557806tmp"/>
    <property name="jdk.debug" value="release"/>
    <property name="surefire.test.class.path" value="C:\Users\hanna_murashka\Desktop\ATMentoring\AT_Mentoring_Program_modules\Module#9 TA Frameworks Layers, Runner, Business Objects\HardcoreProject\target\test-classes;C:\Users\hanna_murashka\Desktop\ATMentoring\AT_Mentoring_Program_modules\Module#9 TA Frameworks Layers, Runner, Business Objects\HardcoreProject\target\classes;C:\Users\hanna_murashka\.m2\repository\org\seleniumhq\selenium\selenium-java\4.0.0-beta-4\selenium-java-4.0.0-beta-4.jar;C:\Users\hanna_murashka\.m2\repository\org\seleniumhq\selenium\selenium-api\4.0.0-beta-4\selenium-api-4.0.0-beta-4.jar;C:\Users\hanna_murashka\.m2\repository\org\seleniumhq\selenium\selenium-chrome-driver\4.0.0-beta-4\selenium-chrome-driver-4.0.0-beta-4.jar;C:\Users\hanna_murashka\.m2\repository\com\google\auto\service\auto-service-annotations\1.0\auto-service-annotations-1.0.jar;C:\Users\hanna_murashka\.m2\repository\com\google\auto\service\auto-service\1.0\auto-service-1.0.jar;C:\Users\hanna_murashka\.m2\repository\com\google\auto\auto-common\1.0\auto-common-1.0.jar;C:\Users\hanna_murashka\.m2\repository\com\google\guava\guava\30.1.1-jre\guava-30.1.1-jre.jar;C:\Users\hanna_murashka\.m2\repository\com\google\guava\failureaccess\1.0.1\failureaccess-1.0.1.jar;C:\Users\hanna_murashka\.m2\repository\com\google\guava\listenablefuture\9999.0-empty-to-avoid-conflict-with-guava\listenablefuture-9999.0-empty-to-avoid-conflict-with-guava.jar;C:\Users\hanna_murashka\.m2\repository\com\google\code\findbugs\jsr305\3.0.2\jsr305-3.0.2.jar;C:\Users\hanna_murashka\.m2\repository\org\checkerframework\checker-qual\3.8.0\checker-qual-3.8.0.jar;C:\Users\hanna_murashka\.m2\repository\com\google\errorprone\error_prone_annotations\2.5.1\error_prone_annotations-2.5.1.jar;C:\Users\hanna_murashka\.m2\repository\com\google\j2objc\j2objc-annotations\1.3\j2objc-annotations-1.3.jar;C:\Users\hanna_murashka\.m2\repository\org\seleniumhq\selenium\selenium-chromium-driver\4.0.0-beta-4\selenium-chromium-driver-4.0.0-beta-4.jar;C:\Users\hanna_murashka\.m2\repository\org\seleniumhq\selenium\selenium-devtools\4.0.0-beta-4\selenium-devtools-4.0.0-beta-4.jar;C:\Users\hanna_murashka\.m2\repository\org\seleniumhq\selenium\selenium-http\4.0.0-beta-4\selenium-http-4.0.0-beta-4.jar;C:\Users\hanna_murashka\.m2\repository\org\seleniumhq\selenium\selenium-json\4.0.0-beta-4\selenium-json-4.0.0-beta-4.jar;C:\Users\hanna_murashka\.m2\repository\org\seleniumhq\selenium\selenium-devtools-v85\4.0.0-beta-4\selenium-devtools-v85-4.0.0-beta-4.jar;C:\Users\hanna_murashka\.m2\repository\org\seleniumhq\selenium\selenium-devtools-v88\4.0.0-beta-4\selenium-devtools-v88-4.0.0-beta-4.jar;C:\Users\hanna_murashka\.m2\repository\org\seleniumhq\selenium\selenium-devtools-v89\4.0.0-beta-4\selenium-devtools-v89-4.0.0-beta-4.jar;C:\Users\hanna_murashka\.m2\repository\org\seleniumhq\selenium\selenium-devtools-v90\4.0.0-beta-4\selenium-devtools-v90-4.0.0-beta-4.jar;C:\Users\hanna_murashka\.m2\repository\org\seleniumhq\selenium\selenium-devtools-v91\4.0.0-beta-4\selenium-devtools-v91-4.0.0-beta-4.jar;C:\Users\hanna_murashka\.m2\repository\org\seleniumhq\selenium\selenium-edge-driver\4.0.0-beta-4\selenium-edge-driver-4.0.0-beta-4.jar;C:\Users\hanna_murashka\.m2\repository\org\seleniumhq\selenium\selenium-firefox-driver\4.0.0-beta-4\selenium-firefox-driver-4.0.0-beta-4.jar;C:\Users\hanna_murashka\.m2\repository\org\seleniumhq\selenium\selenium-firefox-xpi-driver\4.0.0-beta-4\selenium-firefox-xpi-driver-4.0.0-beta-4.jar;C:\Users\hanna_murashka\.m2\repository\org\seleniumhq\selenium\selenium-ie-driver\4.0.0-beta-4\selenium-ie-driver-4.0.0-beta-4.jar;C:\Users\hanna_murashka\.m2\repository\org\seleniumhq\selenium\selenium-opera-driver\4.0.0-beta-4\selenium-opera-driver-4.0.0-beta-4.jar;C:\Users\hanna_murashka\.m2\repository\org\seleniumhq\selenium\selenium-remote-driver\4.0.0-beta-4\selenium-remote-driver-4.0.0-beta-4.jar;C:\Users\hanna_murashka\.m2\repository\io\netty\netty-buffer\4.1.63.Final\netty-buffer-4.1.63.Final.jar;C:\Users\hanna_murashka\.m2\repository\io\netty\netty-codec-http\4.1.63.Final\netty-codec-http-4.1.63.Final.jar;C:\Users\hanna_murashka\.m2\repository\io\netty\netty-codec\4.1.63.Final\netty-codec-4.1.63.Final.jar;C:\Users\hanna_murashka\.m2\repository\io\netty\netty-handler\4.1.63.Final\netty-handler-4.1.63.Final.jar;C:\Users\hanna_murashka\.m2\repository\io\netty\netty-common\4.1.63.Final\netty-common-4.1.63.Final.jar;C:\Users\hanna_murashka\.m2\repository\io\netty\netty-transport-native-epoll\4.1.63.Final\netty-transport-native-epoll-4.1.63.Final.jar;C:\Users\hanna_murashka\.m2\repository\io\netty\netty-transport-native-kqueue\4.1.63.Final\netty-transport-native-kqueue-4.1.63.Final.jar;C:\Users\hanna_murashka\.m2\repository\io\netty\netty-transport-native-unix-common\4.1.63.Final\netty-transport-native-unix-common-4.1.63.Final.jar;C:\Users\hanna_murashka\.m2\repository\io\netty\netty-transport\4.1.63.Final\netty-transport-4.1.63.Final.jar;C:\Users\hanna_murashka\.m2\repository\io\netty\netty-resolver\4.1.63.Final\netty-resolver-4.1.63.Final.jar;C:\Users\hanna_murashka\.m2\repository\io\opentelemetry\opentelemetry-api\1.2.0\opentelemetry-api-1.2.0.jar;C:\Users\hanna_murashka\.m2\repository\io\opentelemetry\opentelemetry-context\1.2.0\opentelemetry-context-1.2.0.jar;C:\Users\hanna_murashka\.m2\repository\io\opentelemetry\opentelemetry-exporter-logging\1.2.0\opentelemetry-exporter-logging-1.2.0.jar;C:\Users\hanna_murashka\.m2\repository\io\opentelemetry\opentelemetry-sdk-metrics\1.2.0-alpha\opentelemetry-sdk-metrics-1.2.0-alpha.jar;C:\Users\hanna_murashka\.m2\repository\io\opentelemetry\opentelemetry-sdk-common\1.2.0\opentelemetry-sdk-common-1.2.0.jar;C:\Users\hanna_murashka\.m2\repository\io\opentelemetry\opentelemetry-sdk-extension-autoconfigure\1.2.0-alpha\opentelemetry-sdk-extension-autoconfigure-1.2.0-alpha.jar;C:\Users\hanna_murashka\.m2\repository\io\opentelemetry\opentelemetry-sdk-trace\1.2.0\opentelemetry-sdk-trace-1.2.0.jar;C:\Users\hanna_murashka\.m2\repository\io\opentelemetry\opentelemetry-api-metrics\1.2.0-alpha\opentelemetry-api-metrics-1.2.0-alpha.jar;C:\Users\hanna_murashka\.m2\repository\io\opentelemetry\opentelemetry-sdk\1.2.0\opentelemetry-sdk-1.2.0.jar;C:\Users\hanna_murashka\.m2\repository\io\opentelemetry\opentelemetry-semconv\1.2.0-alpha\opentelemetry-semconv-1.2.0-alpha.jar;C:\Users\hanna_murashka\.m2\repository\io\ous\jtoml\2.0.0\jtoml-2.0.0.jar;C:\Users\hanna_murashka\.m2\repository\net\bytebuddy\byte-buddy\1.11.0\byte-buddy-1.11.0.jar;C:\Users\hanna_murashka\.m2\repository\org\apache\commons\commons-exec\1.3\commons-exec-1.3.jar;C:\Users\hanna_murashka\.m2\repository\org\asynchttpclient\async-http-client\2.12.3\async-http-client-2.12.3.jar;C:\Users\hanna_murashka\.m2\repository\org\asynchttpclient\async-http-client-netty-utils\2.12.3\async-http-client-netty-utils-2.12.3.jar;C:\Users\hanna_murashka\.m2\repository\io\netty\netty-codec-socks\4.1.60.Final\netty-codec-socks-4.1.60.Final.jar;C:\Users\hanna_murashka\.m2\repository\io\netty\netty-handler-proxy\4.1.60.Final\netty-handler-proxy-4.1.60.Final.jar;C:\Users\hanna_murashka\.m2\repository\io\netty\netty-transport-native-epoll\4.1.60.Final\netty-transport-native-epoll-4.1.60.Final-linux-x86_64.jar;C:\Users\hanna_murashka\.m2\repository\io\netty\netty-transport-native-kqueue\4.1.60.Final\netty-transport-native-kqueue-4.1.60.Final-osx-x86_64.jar;C:\Users\hanna_murashka\.m2\repository\org\reactivestreams\reactive-streams\1.0.3\reactive-streams-1.0.3.jar;C:\Users\hanna_murashka\.m2\repository\com\typesafe\netty\netty-reactive-streams\2.0.4\netty-reactive-streams-2.0.4.jar;C:\Users\hanna_murashka\.m2\repository\com\sun\activation\jakarta.activation\1.2.2\jakarta.activation-1.2.2.jar;C:\Users\hanna_murashka\.m2\repository\org\seleniumhq\selenium\selenium-safari-driver\4.0.0-beta-4\selenium-safari-driver-4.0.0-beta-4.jar;C:\Users\hanna_murashka\.m2\repository\org\seleniumhq\selenium\selenium-support\4.0.0-beta-4\selenium-support-4.0.0-beta-4.jar;C:\Users\hanna_murashka\.m2\repository\io\github\bonigarcia\webdrivermanager\3.3.0\webdrivermanager-3.3.0.jar;C:\Users\hanna_murashka\.m2\repository\org\slf4j\slf4j-api\1.7.25\slf4j-api-1.7.25.jar;C:\Users\hanna_murashka\.m2\repository\commons-io\commons-io\2.6\commons-io-2.6.jar;C:\Users\hanna_murashka\.m2\repository\com\google\code\gson\gson\2.8.5\gson-2.8.5.jar;C:\Users\hanna_murashka\.m2\repository\org\apache\httpcomponents\httpclient\4.5.6\httpclient-4.5.6.jar;C:\Users\hanna_murashka\.m2\repository\org\apache\httpcomponents\httpcore\4.4.10\httpcore-4.4.10.jar;C:\Users\hanna_murashka\.m2\repository\commons-logging\commons-logging\1.2\commons-logging-1.2.jar;C:\Users\hanna_murashka\.m2\repository\commons-codec\commons-codec\1.10\commons-codec-1.10.jar;C:\Users\hanna_murashka\.m2\repository\org\rauschig\jarchivelib\1.0.0\jarchivelib-1.0.0.jar;C:\Users\hanna_murashka\.m2\repository\org\apache\commons\commons-compress\1.18\commons-compress-1.18.jar;C:\Users\hanna_murashka\.m2\repository\org\jsoup\jsoup\1.11.3\jsoup-1.11.3.jar;C:\Users\hanna_murashka\.m2\repository\org\testng\testng\7.4.0\testng-7.4.0.jar;C:\Users\hanna_murashka\.m2\repository\com\beust\jcommander\1.78\jcommander-1.78.jar;C:\Users\hanna_murashka\.m2\repository\org\webjars\jquery\3.5.1\jquery-3.5.1.jar;C:\Users\hanna_murashka\.m2\repository\org\apache\commons\commons-lang3\3.12.0\commons-lang3-3.12.0.jar;C:\Users\hanna_murashka\.m2\repository\org\apache\logging\log4j\log4j-api\2.11.1\log4j-api-2.11.1.jar;C:\Users\hanna_murashka\.m2\repository\org\apache\logging\log4j\log4j-core\2.11.1\log4j-core-2.11.1.jar;"/>
    <property name="sun.cpu.endian" value="little"/>
    <property name="user.home" value="C:\Users\hanna_murashka"/>
    <property name="user.language" value="en"/>
    <property name="java.specification.vendor" value="Oracle Corporation"/>
    <property name="java.version.date" value="2020-07-14"/>
    <property name="java.home" value="C:\Program Files\Java\jdk-11.0.8"/>
    <property name="file.separator" value="\"/>
    <property name="basedir" value="C:\Users\hanna_murashka\Desktop\ATMentoring\AT_Mentoring_Program_modules\Module#9 TA Frameworks Layers, Runner, Business Objects\HardcoreProject"/>
    <property name="java.vm.compressedOopsMode" value="Zero based"/>
    <property name="line.separator" value="&#10;"/>
    <property name="java.specification.name" value="Java Platform API Specification"/>
    <property name="java.vm.specification.vendor" value="Oracle Corporation"/>
    <property name="java.awt.graphicsenv" value="sun.awt.Win32GraphicsEnvironment"/>
    <property name="surefire.real.class.path" value="C:\Users\hanna_murashka\AppData\Local\Temp\surefire16147740348137787452\surefirebooter16814000410561648906.jar"/>
    <property name=".surefire.suiteXmlFiles" value="src\test\resources\testing-smoke.xml"/>
    <property name="user.script" value=""/>
    <property name="sun.management.compiler" value="HotSpot 64-Bit Tiered Compilers"/>
    <property name="java.runtime.version" value="11.0.8+10-LTS"/>
    <property name="user.name" value="Hanna_Murashka"/>
    <property name="path.separator" value=";"/>
    <property name="os.version" value="10.0"/>
    <property name="java.runtime.name" value="Java(TM) SE Runtime Environment"/>
    <property name="file.encoding" value="Cp1251"/>
    <property name="browser" value="chrome"/>
    <property name="sun.nio.ch.bugLevel" value=""/>
    <property name="java.vm.name" value="Java HotSpot(TM) 64-Bit Server VM"/>
    <property name="java.vendor.version" value="18.9"/>
    <property name="localRepository" value="C:\Users\hanna_murashka\.m2\repository"/>
    <property name="java.vendor.url.bug" value="https://bugreport.java.com/bugreport/"/>
    <property name="java.io.tmpdir" value="C:\Users\HANNA_~1\AppData\Local\Temp\"/>
    <property name="idea.version" value="2020.2.4"/>
    <property name="java.version" value="11.0.8"/>
    <property name="user.dir" value="C:\Users\hanna_murashka\Desktop\ATMentoring\AT_Mentoring_Program_modules\Module#9 TA Frameworks Layers, Runner, Business Objects\HardcoreProject"/>
    <property name="os.arch" value="amd64"/>
    <property name="java.vm.specification.name" value="Java Virtual Machine Specification"/>
    <property name="java.awt.printerjob" value="sun.awt.windows.WPrinterJob"/>
    <property name="sun.os.patch.level" value=""/>
    <property name="environment" value="qa"/>
    <property name="java.library.path" value="C:\Program Files\Java\jdk-11.0.8\bin;C:\WINDOWS\Sun\Java\bin;C:\WINDOWS\system32;C:\WINDOWS;C:\Program Files\Common Files\Oracle\Java\javapath;C:\Python27\;C:\Python27\Scripts;C:\WINDOWS\system32;C:\WINDOWS;C:\WINDOWS\System32\Wbem;C:\WINDOWS\System32\WindowsPowerShell\v1.0\;C:\WINDOWS\System32\OpenSSH\;C:\Program Files\nodejs\;C:\ProgramData\chocolatey\bin;C:\Program Files\Git\cmd;C:\Program Files\Java\jdk-11.0.8\bin;C:\apache-maven-3.8.1\bin;C:\Users\hanna_murashka\AppData\Local\Microsoft\WindowsApps;C:\Users\hanna_murashka\webdrivers;;."/>
    <property name="java.vendor" value="Oracle Corporation"/>
    <property name="java.vm.info" value="mixed mode"/>
    <property name="java.vm.version" value="11.0.8+10-LTS"/>
    <property name="sun.io.unicode.encoding" value="UnicodeLittle"/>
    <property name="java.class.version" value="55.0"/>
  </properties>
  <testcase name="testTotalMonthlyCostDisplayedCorrectlyInEmail" classname="test.UsingPricingCalculatorTest" time="33.603">
    <failure message="Estimate Cost from email not equals to calculator expected [null] but found [USD 978.37]" type="java.lang.AssertionError"><![CDATA[java.lang.AssertionError: Estimate Cost from email not equals to calculator expected [null] but found [USD 978.37]
	at test.UsingPricingCalculatorTest.testTotalMonthlyCostDisplayedCorrectlyInEmail(UsingPricingCalculatorTest.java:36)
]]></failure>
    <system-out><![CDATA[2021-08-06 09:30:30,641 DEBUG logging.InternalLoggerFactory [main] io.netty.util.internal.logging.InternalLoggerFactory.useLog4J2LoggerFactory(InternalLoggerFactory.java:76) Using Log4J2 as the default logging framework
2021-08-06 09:30:30,652 DEBUG util.ResourceLeakDetector [main] io.netty.util.ResourceLeakDetector.<clinit>(ResourceLeakDetector.java:129) -Dio.netty.leakDetection.level: simple
2021-08-06 09:30:30,652 DEBUG util.ResourceLeakDetector [main] io.netty.util.ResourceLeakDetector.<clinit>(ResourceLeakDetector.java:130) -Dio.netty.leakDetection.targetRecords: 4
2021-08-06 09:30:30,656 DEBUG util.ResourceLeakDetectorFactory [main] io.netty.util.ResourceLeakDetectorFactory$DefaultResourceLeakDetectorFactory.newResourceLeakDetector(ResourceLeakDetectorFactory.java:196) Loaded default ResourceLeakDetector: io.netty.util.ResourceLeakDetector@253c1256
2021-08-06 09:30:30,675 DEBUG internal.PlatformDependent [main] io.netty.util.internal.PlatformDependent.isWindows0(PlatformDependent.java:1063) Platform: Windows
2021-08-06 09:30:30,677 DEBUG internal.PlatformDependent0 [main] io.netty.util.internal.PlatformDependent0.explicitNoUnsafeCause0(PlatformDependent0.java:433) -Dio.netty.noUnsafe: false
2021-08-06 09:30:30,678 DEBUG internal.PlatformDependent0 [main] io.netty.util.internal.PlatformDependent0.javaVersion0(PlatformDependent0.java:927) Java version: 11
2021-08-06 09:30:30,680 DEBUG internal.PlatformDependent0 [main] io.netty.util.internal.PlatformDependent0.<clinit>(PlatformDependent0.java:131) sun.misc.Unsafe.theUnsafe: available
2021-08-06 09:30:30,682 DEBUG internal.PlatformDependent0 [main] io.netty.util.internal.PlatformDependent0.<clinit>(PlatformDependent0.java:155) sun.misc.Unsafe.copyMemory: available
2021-08-06 09:30:30,683 DEBUG internal.PlatformDependent0 [main] io.netty.util.internal.PlatformDependent0.<clinit>(PlatformDependent0.java:193) java.nio.Buffer.address: available
2021-08-06 09:30:30,684 DEBUG internal.PlatformDependent0 [main] io.netty.util.internal.PlatformDependent0.<clinit>(PlatformDependent0.java:267) direct buffer constructor: unavailable
java.lang.UnsupportedOperationException: Reflective setAccessible(true) disabled
	at io.netty.util.internal.ReflectionUtil.trySetAccessible(ReflectionUtil.java:31) ~[netty-common-4.1.63.Final.jar:4.1.63.Final]
	at io.netty.util.internal.PlatformDependent0$4.run(PlatformDependent0.java:239) ~[netty-common-4.1.63.Final.jar:4.1.63.Final]
	at java.security.AccessController.doPrivileged(Native Method) ~[?:?]
	at io.netty.util.internal.PlatformDependent0.<clinit>(PlatformDependent0.java:233) [netty-common-4.1.63.Final.jar:4.1.63.Final]
	at io.netty.util.internal.PlatformDependent.isAndroid(PlatformDependent.java:294) [netty-common-4.1.63.Final.jar:4.1.63.Final]
	at io.netty.util.internal.PlatformDependent.<clinit>(PlatformDependent.java:93) [netty-common-4.1.63.Final.jar:4.1.63.Final]
	at io.netty.util.HashedWheelTimer.<init>(HashedWheelTimer.java:109) [netty-common-4.1.63.Final.jar:4.1.63.Final]
	at io.netty.util.HashedWheelTimer.<init>(HashedWheelTimer.java:218) [netty-common-4.1.63.Final.jar:4.1.63.Final]
	at io.netty.util.HashedWheelTimer.<init>(HashedWheelTimer.java:197) [netty-common-4.1.63.Final.jar:4.1.63.Final]
	at org.asynchttpclient.DefaultAsyncHttpClient.newNettyTimer(DefaultAsyncHttpClient.java:111) [async-http-client-2.12.3.jar:?]
	at org.asynchttpclient.DefaultAsyncHttpClient.<init>(DefaultAsyncHttpClient.java:90) [async-http-client-2.12.3.jar:?]
	at org.asynchttpclient.Dsl.asyncHttpClient(Dsl.java:32) [async-http-client-2.12.3.jar:?]
	at org.openqa.selenium.remote.http.netty.NettyClient.createHttpClient(NettyClient.java:100) [selenium-remote-driver-4.0.0-beta-4.jar:?]
	at org.openqa.selenium.remote.http.netty.NettyClient.<clinit>(NettyClient.java:51) [selenium-remote-driver-4.0.0-beta-4.jar:?]
	at org.openqa.selenium.remote.http.netty.NettyClient$Factory.createClient(NettyClient.java:149) [selenium-remote-driver-4.0.0-beta-4.jar:?]
	at org.openqa.selenium.remote.HttpCommandExecutor.<init>(HttpCommandExecutor.java:107) [selenium-remote-driver-4.0.0-beta-4.jar:?]
	at org.openqa.selenium.remote.HttpCommandExecutor.<init>(HttpCommandExecutor.java:94) [selenium-remote-driver-4.0.0-beta-4.jar:?]
	at org.openqa.selenium.remote.HttpCommandExecutor.<init>(HttpCommandExecutor.java:85) [selenium-remote-driver-4.0.0-beta-4.jar:?]
	at org.openqa.selenium.remote.service.DriverCommandExecutor.<init>(DriverCommandExecutor.java:77) [selenium-remote-driver-4.0.0-beta-4.jar:?]
	at org.openqa.selenium.chromium.ChromiumDriverCommandExecutor.<init>(ChromiumDriverCommandExecutor.java:78) [selenium-chromium-driver-4.0.0-beta-4.jar:?]
	at org.openqa.selenium.chrome.ChromeDriver.<init>(ChromeDriver.java:99) [selenium-chrome-driver-4.0.0-beta-4.jar:?]
	at org.openqa.selenium.chrome.ChromeDriver.<init>(ChromeDriver.java:86) [selenium-chrome-driver-4.0.0-beta-4.jar:?]
	at org.openqa.selenium.chrome.ChromeDriver.<init>(ChromeDriver.java:41) [selenium-chrome-driver-4.0.0-beta-4.jar:?]
	at driver.DriverSingleton.getDriver(DriverSingleton.java:22) [test-classes/:?]
	at test.CommonConditions.browserSetUp(CommonConditions.java:18) [test-classes/:?]
	at jdk.internal.reflect.NativeMethodAccessorImpl.invoke0(Native Method) ~[?:?]
	at jdk.internal.reflect.NativeMethodAccessorImpl.invoke(NativeMethodAccessorImpl.java:62) ~[?:?]
	at jdk.internal.reflect.DelegatingMethodAccessorImpl.invoke(DelegatingMethodAccessorImpl.java:43) ~[?:?]
	at java.lang.reflect.Method.invoke(Method.java:566) ~[?:?]
	at org.testng.internal.MethodInvocationHelper.invokeMethod(MethodInvocationHelper.java:133) [testng-7.4.0.jar:7.4.0]
	at org.testng.internal.MethodInvocationHelper.invokeMethodConsideringTimeout(MethodInvocationHelper.java:62) [testng-7.4.0.jar:7.4.0]
	at org.testng.internal.ConfigInvoker.invokeConfigurationMethod(ConfigInvoker.java:385) [testng-7.4.0.jar:7.4.0]
	at org.testng.internal.ConfigInvoker.invokeConfigurations(ConfigInvoker.java:321) [testng-7.4.0.jar:7.4.0]
	at org.testng.internal.TestMethodWorker.invokeBeforeClassMethods(TestMethodWorker.java:176) [testng-7.4.0.jar:7.4.0]
	at org.testng.internal.TestMethodWorker.run(TestMethodWorker.java:122) [testng-7.4.0.jar:7.4.0]
	at java.util.ArrayList.forEach(ArrayList.java:1541) [?:?]
	at org.testng.TestRunner.privateRun(TestRunner.java:794) [testng-7.4.0.jar:7.4.0]
	at org.testng.TestRunner.run(TestRunner.java:596) [testng-7.4.0.jar:7.4.0]
	at org.testng.SuiteRunner.runTest(SuiteRunner.java:377) [testng-7.4.0.jar:7.4.0]
	at org.testng.SuiteRunner.runSequentially(SuiteRunner.java:371) [testng-7.4.0.jar:7.4.0]
	at org.testng.SuiteRunner.privateRun(SuiteRunner.java:332) [testng-7.4.0.jar:7.4.0]
	at org.testng.SuiteRunner.run(SuiteRunner.java:276) [testng-7.4.0.jar:7.4.0]
	at org.testng.SuiteRunnerWorker.runSuite(SuiteRunnerWorker.java:53) [testng-7.4.0.jar:7.4.0]
	at org.testng.SuiteRunnerWorker.run(SuiteRunnerWorker.java:96) [testng-7.4.0.jar:7.4.0]
	at org.testng.TestNG.runSuitesSequentially(TestNG.java:1212) [testng-7.4.0.jar:7.4.0]
	at org.testng.TestNG.runSuitesLocally(TestNG.java:1134) [testng-7.4.0.jar:7.4.0]
	at org.testng.TestNG.runSuites(TestNG.java:1063) [testng-7.4.0.jar:7.4.0]
	at org.testng.TestNG.run(TestNG.java:1031) [testng-7.4.0.jar:7.4.0]
	at org.apache.maven.surefire.testng.TestNGExecutor.run(TestNGExecutor.java:135) [surefire-testng-3.0.0-M4.jar:3.0.0-M4]
	at org.apache.maven.surefire.testng.TestNGDirectoryTestSuite.executeMulti(TestNGDirectoryTestSuite.java:193) [surefire-testng-3.0.0-M4.jar:3.0.0-M4]
	at org.apache.maven.surefire.testng.TestNGDirectoryTestSuite.execute(TestNGDirectoryTestSuite.java:94) [surefire-testng-3.0.0-M4.jar:3.0.0-M4]
	at org.apache.maven.surefire.testng.TestNGProvider.invoke(TestNGProvider.java:146) [surefire-testng-3.0.0-M4.jar:3.0.0-M4]
	at org.apache.maven.surefire.booter.ForkedBooter.runSuitesInProcess(ForkedBooter.java:377) [surefire-booter-3.0.0-M4.jar:3.0.0-M4]
	at org.apache.maven.surefire.booter.ForkedBooter.execute(ForkedBooter.java:138) [surefire-booter-3.0.0-M4.jar:3.0.0-M4]
	at org.apache.maven.surefire.booter.ForkedBooter.run(ForkedBooter.java:465) [surefire-booter-3.0.0-M4.jar:3.0.0-M4]
	at org.apache.maven.surefire.booter.ForkedBooter.main(ForkedBooter.java:451) [surefire-booter-3.0.0-M4.jar:3.0.0-M4]
2021-08-06 09:30:30,692 DEBUG internal.PlatformDependent0 [main] io.netty.util.internal.PlatformDependent0.<clinit>(PlatformDependent0.java:332) java.nio.Bits.unaligned: available, true
2021-08-06 09:30:30,694 DEBUG internal.PlatformDependent0 [main] io.netty.util.internal.PlatformDependent0.<clinit>(PlatformDependent0.java:391) jdk.internal.misc.Unsafe.allocateUninitializedArray(int): unavailable
java.lang.IllegalAccessException: class io.netty.util.internal.PlatformDependent0$6 cannot access class jdk.internal.misc.Unsafe (in module java.base) because module java.base does not export jdk.internal.misc to unnamed module @3935e9a8
	at jdk.internal.reflect.Reflection.newIllegalAccessException(Reflection.java:361) ~[?:?]
	at java.lang.reflect.AccessibleObject.checkAccess(AccessibleObject.java:591) ~[?:?]
	at java.lang.reflect.Method.invoke(Method.java:558) ~[?:?]
	at io.netty.util.internal.PlatformDependent0$6.run(PlatformDependent0.java:353) ~[netty-common-4.1.63.Final.jar:4.1.63.Final]
	at java.security.AccessController.doPrivileged(Native Method) ~[?:?]
	at io.netty.util.internal.PlatformDependent0.<clinit>(PlatformDependent0.java:344) [netty-common-4.1.63.Final.jar:4.1.63.Final]
	at io.netty.util.internal.PlatformDependent.isAndroid(PlatformDependent.java:294) [netty-common-4.1.63.Final.jar:4.1.63.Final]
	at io.netty.util.internal.PlatformDependent.<clinit>(PlatformDependent.java:93) [netty-common-4.1.63.Final.jar:4.1.63.Final]
	at io.netty.util.HashedWheelTimer.<init>(HashedWheelTimer.java:109) [netty-common-4.1.63.Final.jar:4.1.63.Final]
	at io.netty.util.HashedWheelTimer.<init>(HashedWheelTimer.java:218) [netty-common-4.1.63.Final.jar:4.1.63.Final]
	at io.netty.util.HashedWheelTimer.<init>(HashedWheelTimer.java:197) [netty-common-4.1.63.Final.jar:4.1.63.Final]
	at org.asynchttpclient.DefaultAsyncHttpClient.newNettyTimer(DefaultAsyncHttpClient.java:111) [async-http-client-2.12.3.jar:?]
	at org.asynchttpclient.DefaultAsyncHttpClient.<init>(DefaultAsyncHttpClient.java:90) [async-http-client-2.12.3.jar:?]
	at org.asynchttpclient.Dsl.asyncHttpClient(Dsl.java:32) [async-http-client-2.12.3.jar:?]
	at org.openqa.selenium.remote.http.netty.NettyClient.createHttpClient(NettyClient.java:100) [selenium-remote-driver-4.0.0-beta-4.jar:?]
	at org.openqa.selenium.remote.http.netty.NettyClient.<clinit>(NettyClient.java:51) [selenium-remote-driver-4.0.0-beta-4.jar:?]
	at org.openqa.selenium.remote.http.netty.NettyClient$Factory.createClient(NettyClient.java:149) [selenium-remote-driver-4.0.0-beta-4.jar:?]
	at org.openqa.selenium.remote.HttpCommandExecutor.<init>(HttpCommandExecutor.java:107) [selenium-remote-driver-4.0.0-beta-4.jar:?]
	at org.openqa.selenium.remote.HttpCommandExecutor.<init>(HttpCommandExecutor.java:94) [selenium-remote-driver-4.0.0-beta-4.jar:?]
	at org.openqa.selenium.remote.HttpCommandExecutor.<init>(HttpCommandExecutor.java:85) [selenium-remote-driver-4.0.0-beta-4.jar:?]
	at org.openqa.selenium.remote.service.DriverCommandExecutor.<init>(DriverCommandExecutor.java:77) [selenium-remote-driver-4.0.0-beta-4.jar:?]
	at org.openqa.selenium.chromium.ChromiumDriverCommandExecutor.<init>(ChromiumDriverCommandExecutor.java:78) [selenium-chromium-driver-4.0.0-beta-4.jar:?]
	at org.openqa.selenium.chrome.ChromeDriver.<init>(ChromeDriver.java:99) [selenium-chrome-driver-4.0.0-beta-4.jar:?]
	at org.openqa.selenium.chrome.ChromeDriver.<init>(ChromeDriver.java:86) [selenium-chrome-driver-4.0.0-beta-4.jar:?]
	at org.openqa.selenium.chrome.ChromeDriver.<init>(ChromeDriver.java:41) [selenium-chrome-driver-4.0.0-beta-4.jar:?]
	at driver.DriverSingleton.getDriver(DriverSingleton.java:22) [test-classes/:?]
	at test.CommonConditions.browserSetUp(CommonConditions.java:18) [test-classes/:?]
	at jdk.internal.reflect.NativeMethodAccessorImpl.invoke0(Native Method) ~[?:?]
	at jdk.internal.reflect.NativeMethodAccessorImpl.invoke(NativeMethodAccessorImpl.java:62) ~[?:?]
	at jdk.internal.reflect.DelegatingMethodAccessorImpl.invoke(DelegatingMethodAccessorImpl.java:43) ~[?:?]
	at java.lang.reflect.Method.invoke(Method.java:566) ~[?:?]
	at org.testng.internal.MethodInvocationHelper.invokeMethod(MethodInvocationHelper.java:133) [testng-7.4.0.jar:7.4.0]
	at org.testng.internal.MethodInvocationHelper.invokeMethodConsideringTimeout(MethodInvocationHelper.java:62) [testng-7.4.0.jar:7.4.0]
	at org.testng.internal.ConfigInvoker.invokeConfigurationMethod(ConfigInvoker.java:385) [testng-7.4.0.jar:7.4.0]
	at org.testng.internal.ConfigInvoker.invokeConfigurations(ConfigInvoker.java:321) [testng-7.4.0.jar:7.4.0]
	at org.testng.internal.TestMethodWorker.invokeBeforeClassMethods(TestMethodWorker.java:176) [testng-7.4.0.jar:7.4.0]
	at org.testng.internal.TestMethodWorker.run(TestMethodWorker.java:122) [testng-7.4.0.jar:7.4.0]
	at java.util.ArrayList.forEach(ArrayList.java:1541) [?:?]
	at org.testng.TestRunner.privateRun(TestRunner.java:794) [testng-7.4.0.jar:7.4.0]
	at org.testng.TestRunner.run(TestRunner.java:596) [testng-7.4.0.jar:7.4.0]
	at org.testng.SuiteRunner.runTest(SuiteRunner.java:377) [testng-7.4.0.jar:7.4.0]
	at org.testng.SuiteRunner.runSequentially(SuiteRunner.java:371) [testng-7.4.0.jar:7.4.0]
	at org.testng.SuiteRunner.privateRun(SuiteRunner.java:332) [testng-7.4.0.jar:7.4.0]
	at org.testng.SuiteRunner.run(SuiteRunner.java:276) [testng-7.4.0.jar:7.4.0]
	at org.testng.SuiteRunnerWorker.runSuite(SuiteRunnerWorker.java:53) [testng-7.4.0.jar:7.4.0]
	at org.testng.SuiteRunnerWorker.run(SuiteRunnerWorker.java:96) [testng-7.4.0.jar:7.4.0]
	at org.testng.TestNG.runSuitesSequentially(TestNG.java:1212) [testng-7.4.0.jar:7.4.0]
	at org.testng.TestNG.runSuitesLocally(TestNG.java:1134) [testng-7.4.0.jar:7.4.0]
	at org.testng.TestNG.runSuites(TestNG.java:1063) [testng-7.4.0.jar:7.4.0]
	at org.testng.TestNG.run(TestNG.java:1031) [testng-7.4.0.jar:7.4.0]
	at org.apache.maven.surefire.testng.TestNGExecutor.run(TestNGExecutor.java:135) [surefire-testng-3.0.0-M4.jar:3.0.0-M4]
	at org.apache.maven.surefire.testng.TestNGDirectoryTestSuite.executeMulti(TestNGDirectoryTestSuite.java:193) [surefire-testng-3.0.0-M4.jar:3.0.0-M4]
	at org.apache.maven.surefire.testng.TestNGDirectoryTestSuite.execute(TestNGDirectoryTestSuite.java:94) [surefire-testng-3.0.0-M4.jar:3.0.0-M4]
	at org.apache.maven.surefire.testng.TestNGProvider.invoke(TestNGProvider.java:146) [surefire-testng-3.0.0-M4.jar:3.0.0-M4]
	at org.apache.maven.surefire.booter.ForkedBooter.runSuitesInProcess(ForkedBooter.java:377) [surefire-booter-3.0.0-M4.jar:3.0.0-M4]
	at org.apache.maven.surefire.booter.ForkedBooter.execute(ForkedBooter.java:138) [surefire-booter-3.0.0-M4.jar:3.0.0-M4]
	at org.apache.maven.surefire.booter.ForkedBooter.run(ForkedBooter.java:465) [surefire-booter-3.0.0-M4.jar:3.0.0-M4]
	at org.apache.maven.surefire.booter.ForkedBooter.main(ForkedBooter.java:451) [surefire-booter-3.0.0-M4.jar:3.0.0-M4]
2021-08-06 09:30:30,698 DEBUG internal.PlatformDependent0 [main] io.netty.util.internal.PlatformDependent0.<clinit>(PlatformDependent0.java:419) java.nio.DirectByteBuffer.<init>(long, int): unavailable
2021-08-06 09:30:30,698 DEBUG internal.PlatformDependent [main] io.netty.util.internal.PlatformDependent.unsafeUnavailabilityCause0(PlatformDependent.java:1106) sun.misc.Unsafe: available
2021-08-06 09:30:30,699 DEBUG internal.PlatformDependent [main] io.netty.util.internal.PlatformDependent.maxDirectMemory0(PlatformDependent.java:1208) maxDirectMemory: 4242538496 bytes (maybe)
2021-08-06 09:30:30,699 DEBUG internal.PlatformDependent [main] io.netty.util.internal.PlatformDependent.tmpdir0(PlatformDependent.java:1227) -Dio.netty.tmpdir: C:\Users\HANNA_~1\AppData\Local\Temp (java.io.tmpdir)
2021-08-06 09:30:30,700 DEBUG internal.PlatformDependent [main] io.netty.util.internal.PlatformDependent.bitMode0(PlatformDependent.java:1306) -Dio.netty.bitMode: 64 (sun.arch.data.model)
2021-08-06 09:30:30,701 DEBUG internal.PlatformDependent [main] io.netty.util.internal.PlatformDependent.<clinit>(PlatformDependent.java:178) -Dio.netty.maxDirectMemory: -1 bytes
2021-08-06 09:30:30,701 DEBUG internal.PlatformDependent [main] io.netty.util.internal.PlatformDependent.<clinit>(PlatformDependent.java:185) -Dio.netty.uninitializedArrayAllocationThreshold: -1
2021-08-06 09:30:30,702 DEBUG internal.CleanerJava9 [main] io.netty.util.internal.CleanerJava9.<clinit>(CleanerJava9.java:71) java.nio.ByteBuffer.cleaner(): available
2021-08-06 09:30:30,702 DEBUG internal.PlatformDependent [main] io.netty.util.internal.PlatformDependent.<clinit>(PlatformDependent.java:205) -Dio.netty.noPreferDirect: false
2021-08-06 09:30:30,712 DEBUG internal.PlatformDependent [main] io.netty.util.internal.PlatformDependent$Mpsc.<clinit>(PlatformDependent.java:967) org.jctools-core.MpscChunkedArrayQueue: available
2021-08-06 09:30:30,732 DEBUG internal.InternalThreadLocalMap [main] io.netty.util.internal.InternalThreadLocalMap.<clinit>(InternalThreadLocalMap.java:83) -Dio.netty.threadLocalMap.stringBuilder.initialSize: 1024
2021-08-06 09:30:30,732 DEBUG internal.InternalThreadLocalMap [main] io.netty.util.internal.InternalThreadLocalMap.<clinit>(InternalThreadLocalMap.java:86) -Dio.netty.threadLocalMap.stringBuilder.maxSize: 4096
2021-08-06 09:30:30,753 DEBUG ssl.JdkSslContext [main] io.netty.handler.ssl.JdkSslContext.<clinit>(JdkSslContext.java:97) Default protocols (JDK): [TLSv1.3, TLSv1.2, TLSv1.1, TLSv1] 
2021-08-06 09:30:30,754 DEBUG ssl.JdkSslContext [main] io.netty.handler.ssl.JdkSslContext.<clinit>(JdkSslContext.java:98) Default cipher suites (JDK): [TLS_ECDHE_ECDSA_WITH_AES_256_GCM_SHA384, TLS_ECDHE_ECDSA_WITH_AES_128_GCM_SHA256, TLS_ECDHE_RSA_WITH_AES_128_GCM_SHA256, TLS_ECDHE_RSA_WITH_AES_256_GCM_SHA384, TLS_ECDHE_RSA_WITH_AES_128_CBC_SHA, TLS_ECDHE_RSA_WITH_AES_256_CBC_SHA, TLS_RSA_WITH_AES_128_GCM_SHA256, TLS_RSA_WITH_AES_128_CBC_SHA, TLS_RSA_WITH_AES_256_CBC_SHA, TLS_AES_128_GCM_SHA256, TLS_AES_256_GCM_SHA384]
2021-08-06 09:30:30,780 DEBUG channel.MultithreadEventLoopGroup [main] io.netty.channel.MultithreadEventLoopGroup.<clinit>(MultithreadEventLoopGroup.java:44) -Dio.netty.eventLoopThreads: 16
2021-08-06 09:30:30,789 DEBUG nio.NioEventLoop [main] io.netty.channel.nio.NioEventLoop.<clinit>(NioEventLoop.java:106) -Dio.netty.noKeySetOptimization: false
2021-08-06 09:30:30,789 DEBUG nio.NioEventLoop [main] io.netty.channel.nio.NioEventLoop.<clinit>(NioEventLoop.java:107) -Dio.netty.selectorAutoRebuildThreshold: 512
2021-08-06 09:30:30,798 TRACE nio.NioEventLoop [main] io.netty.channel.nio.NioEventLoop.openSelector(NioEventLoop.java:260) instrumented a special java.util.Set into: sun.nio.ch.WindowsSelectorImpl@7a6ebe1e
2021-08-06 09:30:30,800 TRACE nio.NioEventLoop [main] io.netty.channel.nio.NioEventLoop.openSelector(NioEventLoop.java:260) instrumented a special java.util.Set into: sun.nio.ch.WindowsSelectorImpl@5ee34b1b
2021-08-06 09:30:30,801 TRACE nio.NioEventLoop [main] io.netty.channel.nio.NioEventLoop.openSelector(NioEventLoop.java:260) instrumented a special java.util.Set into: sun.nio.ch.WindowsSelectorImpl@3c89bb12
2021-08-06 09:30:30,802 TRACE nio.NioEventLoop [main] io.netty.channel.nio.NioEventLoop.openSelector(NioEventLoop.java:260) instrumented a special java.util.Set into: sun.nio.ch.WindowsSelectorImpl@48c4245d
2021-08-06 09:30:30,804 TRACE nio.NioEventLoop [main] io.netty.channel.nio.NioEventLoop.openSelector(NioEventLoop.java:260) instrumented a special java.util.Set into: sun.nio.ch.WindowsSelectorImpl@3df978b9
2021-08-06 09:30:30,805 TRACE nio.NioEventLoop [main] io.netty.channel.nio.NioEventLoop.openSelector(NioEventLoop.java:260) instrumented a special java.util.Set into: sun.nio.ch.WindowsSelectorImpl@7906578e
2021-08-06 09:30:30,806 TRACE nio.NioEventLoop [main] io.netty.channel.nio.NioEventLoop.openSelector(NioEventLoop.java:260) instrumented a special java.util.Set into: sun.nio.ch.WindowsSelectorImpl@8a62297
2021-08-06 09:30:30,807 TRACE nio.NioEventLoop [main] io.netty.channel.nio.NioEventLoop.openSelector(NioEventLoop.java:260) instrumented a special java.util.Set into: sun.nio.ch.WindowsSelectorImpl@61a91912
2021-08-06 09:30:30,808 TRACE nio.NioEventLoop [main] io.netty.channel.nio.NioEventLoop.openSelector(NioEventLoop.java:260) instrumented a special java.util.Set into: sun.nio.ch.WindowsSelectorImpl@1763992e
2021-08-06 09:30:30,809 TRACE nio.NioEventLoop [main] io.netty.channel.nio.NioEventLoop.openSelector(NioEventLoop.java:260) instrumented a special java.util.Set into: sun.nio.ch.WindowsSelectorImpl@5c92166b
2021-08-06 09:30:30,810 TRACE nio.NioEventLoop [main] io.netty.channel.nio.NioEventLoop.openSelector(NioEventLoop.java:260) instrumented a special java.util.Set into: sun.nio.ch.WindowsSelectorImpl@659925f4
2021-08-06 09:30:30,811 TRACE nio.NioEventLoop [main] io.netty.channel.nio.NioEventLoop.openSelector(NioEventLoop.java:260) instrumented a special java.util.Set into: sun.nio.ch.WindowsSelectorImpl@4cd1c1dc
2021-08-06 09:30:30,813 TRACE nio.NioEventLoop [main] io.netty.channel.nio.NioEventLoop.openSelector(NioEventLoop.java:260) instrumented a special java.util.Set into: sun.nio.ch.WindowsSelectorImpl@47f08b81
2021-08-06 09:30:30,814 TRACE nio.NioEventLoop [main] io.netty.channel.nio.NioEventLoop.openSelector(NioEventLoop.java:260) instrumented a special java.util.Set into: sun.nio.ch.WindowsSelectorImpl@b9dfc5a
2021-08-06 09:30:30,815 TRACE nio.NioEventLoop [main] io.netty.channel.nio.NioEventLoop.openSelector(NioEventLoop.java:260) instrumented a special java.util.Set into: sun.nio.ch.WindowsSelectorImpl@2787de58
2021-08-06 09:30:30,816 TRACE nio.NioEventLoop [main] io.netty.channel.nio.NioEventLoop.openSelector(NioEventLoop.java:260) instrumented a special java.util.Set into: sun.nio.ch.WindowsSelectorImpl@659a2455
2021-08-06 09:30:30,835 DEBUG buffer.PooledByteBufAllocator [main] io.netty.buffer.PooledByteBufAllocator.<clinit>(PooledByteBufAllocator.java:155) -Dio.netty.allocator.numHeapArenas: 16
2021-08-06 09:30:30,835 DEBUG buffer.PooledByteBufAllocator [main] io.netty.buffer.PooledByteBufAllocator.<clinit>(PooledByteBufAllocator.java:156) -Dio.netty.allocator.numDirectArenas: 16
2021-08-06 09:30:30,836 DEBUG buffer.PooledByteBufAllocator [main] io.netty.buffer.PooledByteBufAllocator.<clinit>(PooledByteBufAllocator.java:158) -Dio.netty.allocator.pageSize: 8192
2021-08-06 09:30:30,836 DEBUG buffer.PooledByteBufAllocator [main] io.netty.buffer.PooledByteBufAllocator.<clinit>(PooledByteBufAllocator.java:163) -Dio.netty.allocator.maxOrder: 11
2021-08-06 09:30:30,836 DEBUG buffer.PooledByteBufAllocator [main] io.netty.buffer.PooledByteBufAllocator.<clinit>(PooledByteBufAllocator.java:167) -Dio.netty.allocator.chunkSize: 16777216
2021-08-06 09:30:30,836 DEBUG buffer.PooledByteBufAllocator [main] io.netty.buffer.PooledByteBufAllocator.<clinit>(PooledByteBufAllocator.java:168) -Dio.netty.allocator.smallCacheSize: 256
2021-08-06 09:30:30,837 DEBUG buffer.PooledByteBufAllocator [main] io.netty.buffer.PooledByteBufAllocator.<clinit>(PooledByteBufAllocator.java:169) -Dio.netty.allocator.normalCacheSize: 64
2021-08-06 09:30:30,837 DEBUG buffer.PooledByteBufAllocator [main] io.netty.buffer.PooledByteBufAllocator.<clinit>(PooledByteBufAllocator.java:170) -Dio.netty.allocator.maxCachedBufferCapacity: 32768
2021-08-06 09:30:30,837 DEBUG buffer.PooledByteBufAllocator [main] io.netty.buffer.PooledByteBufAllocator.<clinit>(PooledByteBufAllocator.java:171) -Dio.netty.allocator.cacheTrimInterval: 8192
2021-08-06 09:30:30,837 DEBUG buffer.PooledByteBufAllocator [main] io.netty.buffer.PooledByteBufAllocator.<clinit>(PooledByteBufAllocator.java:172) -Dio.netty.allocator.cacheTrimIntervalMillis: 0
2021-08-06 09:30:30,838 DEBUG buffer.PooledByteBufAllocator [main] io.netty.buffer.PooledByteBufAllocator.<clinit>(PooledByteBufAllocator.java:173) -Dio.netty.allocator.useCacheForAllThreads: true
2021-08-06 09:30:30,838 DEBUG buffer.PooledByteBufAllocator [main] io.netty.buffer.PooledByteBufAllocator.<clinit>(PooledByteBufAllocator.java:174) -Dio.netty.allocator.maxCachedByteBuffersPerChunk: 1023
2021-08-06 09:30:30,851 DEBUG buffer.ByteBufUtil [main] io.netty.buffer.ByteBufUtil.<clinit>(ByteBufUtil.java:87) -Dio.netty.allocator.type: pooled
2021-08-06 09:30:30,852 DEBUG buffer.ByteBufUtil [main] io.netty.buffer.ByteBufUtil.<clinit>(ByteBufUtil.java:96) -Dio.netty.threadLocalDirectBufferSize: 0
2021-08-06 09:30:30,852 DEBUG buffer.ByteBufUtil [main] io.netty.buffer.ByteBufUtil.<clinit>(ByteBufUtil.java:99) -Dio.netty.maxThreadLocalCharBufferSize: 16384
2021-08-06 09:30:31,674 DEBUG channel.DefaultChannelId [Forwarding newSession on session null to remote] io.netty.channel.DefaultChannelId.<clinit>(DefaultChannelId.java:79) -Dio.netty.processId: 15720 (auto-detected)
2021-08-06 09:30:31,677 DEBUG util.NetUtil [Forwarding newSession on session null to remote] io.netty.util.NetUtil.<clinit>(NetUtil.java:135) -Djava.net.preferIPv4Stack: false
2021-08-06 09:30:31,677 DEBUG util.NetUtil [Forwarding newSession on session null to remote] io.netty.util.NetUtil.<clinit>(NetUtil.java:136) -Djava.net.preferIPv6Addresses: false
2021-08-06 09:30:31,840 DEBUG util.NetUtilInitializations [Forwarding newSession on session null to remote] io.netty.util.NetUtilInitializations.determineLoopback(NetUtilInitializations.java:129) Loopback interface: lo (Software Loopback Interface 1, 127.0.0.1)
2021-08-06 09:30:31,841 DEBUG util.NetUtil [Forwarding newSession on session null to remote] io.netty.util.NetUtil$1.run(NetUtil.java:187) Failed to get SOMAXCONN from sysctl and file \proc\sys\net\core\somaxconn. Default: 200
2021-08-06 09:30:32,023 DEBUG channel.DefaultChannelId [Forwarding newSession on session null to remote] io.netty.channel.DefaultChannelId.<clinit>(DefaultChannelId.java:101) -Dio.netty.machineId: e4:e7:49:ff:fe:46:09:d7 (auto-detected)
2021-08-06 09:30:32,071 DEBUG buffer.AbstractByteBuf [AsyncHttpClient-1-2] io.netty.buffer.AbstractByteBuf.<clinit>(AbstractByteBuf.java:63) -Dio.netty.buffer.checkAccessible: true
2021-08-06 09:30:32,072 DEBUG buffer.AbstractByteBuf [AsyncHttpClient-1-2] io.netty.buffer.AbstractByteBuf.<clinit>(AbstractByteBuf.java:64) -Dio.netty.buffer.checkBounds: true
2021-08-06 09:30:32,072 DEBUG util.ResourceLeakDetectorFactory [AsyncHttpClient-1-2] io.netty.util.ResourceLeakDetectorFactory$DefaultResourceLeakDetectorFactory.newResourceLeakDetector(ResourceLeakDetectorFactory.java:196) Loaded default ResourceLeakDetector: io.netty.util.ResourceLeakDetector@670108a0
2021-08-06 09:30:32,095 DEBUG util.Recycler [AsyncHttpClient-1-2] io.netty.util.Recycler.<clinit>(Recycler.java:103) -Dio.netty.recycler.maxCapacityPerThread: 4096
2021-08-06 09:30:32,095 DEBUG util.Recycler [AsyncHttpClient-1-2] io.netty.util.Recycler.<clinit>(Recycler.java:104) -Dio.netty.recycler.maxSharedCapacityFactor: 2
2021-08-06 09:30:32,095 DEBUG util.Recycler [AsyncHttpClient-1-2] io.netty.util.Recycler.<clinit>(Recycler.java:105) -Dio.netty.recycler.linkCapacity: 16
2021-08-06 09:30:32,095 DEBUG util.Recycler [AsyncHttpClient-1-2] io.netty.util.Recycler.<clinit>(Recycler.java:106) -Dio.netty.recycler.ratio: 8
2021-08-06 09:30:32,095 DEBUG util.Recycler [AsyncHttpClient-1-2] io.netty.util.Recycler.<clinit>(Recycler.java:107) -Dio.netty.recycler.delayedQueue.ratio: 8
2021-08-06 09:30:32,791 DEBUG internal.ThreadLocalRandom [main] io.netty.util.internal.ThreadLocalRandom.newSeed(ThreadLocalRandom.java:212) -Dio.netty.initialSeedUniquifier: 0x57fd3bd3514fa606
2021-08-06 09:30:43,890 INFO  [main] page.PricingCalculatorPage.fillInFieldsInCalculator(PricingCalculatorPage.java:48) Calculator fields are filled in
2021-08-06 09:30:44,209 INFO  [main] page.PricingCalculatorPage.clickOnAddEstimateButton(PricingCalculatorPage.java:54) Engine is added to estimate
2021-08-06 09:30:46,221 INFO  [main] page.RandomEmailBoxPage.getRandomEmail(RandomEmailBoxPage.java:37) Random email is created
2021-08-06 09:30:46,870 INFO  [main] page.PricingCalculatorPage.sendEstimateByEmail(PricingCalculatorPage.java:65) Estimate is sent by email
2021-08-06 09:30:50,447 INFO  [main] page.RandomEmailBoxPage.navigateToEmailBox(RandomEmailBoxPage.java:45) User is redirected to random email box
2021-08-06 09:31:06,274 ERROR  [main] page.RandomEmailBoxPage.getTotalEstimatedCost(RandomEmailBoxPage.java:55) No google cloud price email in mail box
]]></system-out>
    <system-err><![CDATA[SLF4J: Failed to load class "org.slf4j.impl.StaticLoggerBinder".
SLF4J: Defaulting to no-operation (NOP) logger implementation
SLF4J: See http://www.slf4j.org/codes.html#StaticLoggerBinder for further details.
Starting ChromeDriver 90.0.4430.24 (4c6d850f087da467d926e8eddb76550aed655991-refs/branch-heads/4430@{#429}) on port 13003
Only local connections are allowed.
Please see https://chromedriver.chromium.org/security-considerations for suggestions on keeping ChromeDriver safe.
ChromeDriver was started successfully.
Aug 06, 2021 9:30:32 AM org.openqa.selenium.remote.ProtocolHandshake createSession
INFO: Detected dialect: W3C
Aug 06, 2021 9:30:32 AM org.openqa.selenium.devtools.CdpVersionFinder findNearestMatch
INFO: Found exact CDP implementation for version 90
]]></system-err>
  </testcase>
</testsuite>